<?xml version="1.0" encoding="UTF-8"?>
<testsuite xmlns:xsi="http://www.w3.org/2001/XMLSchema-instance" xsi:noNamespaceSchemaLocation="https://maven.apache.org/surefire/maven-surefire-plugin/xsd/surefire-test-report.xsd" name="co.edu.sena.ghostceet.web.rest.DisponibilidadHorariaResourceIntTest" time="0.074" tests="9" errors="9" skipped="0" failures="0">
  <properties>
    <property name="sun.desktop" value="windows"/>
    <property name="awt.toolkit" value="sun.awt.windows.WToolkit"/>
    <property name="file.encoding.pkg" value="sun.io"/>
    <property name="java.specification.version" value="1.8"/>
    <property name="sun.cpu.isalist" value="amd64"/>
    <property name="sun.jnu.encoding" value="Cp1252"/>
    <property name="java.class.path" value="C:\Users\agomez\.m2\repository\org\apache\maven\surefire\surefire-booter\2.22.1\surefire-booter-2.22.1.jar;C:\Users\agomez\.m2\repository\org\apache\maven\surefire\surefire-api\2.22.1\surefire-api-2.22.1.jar;C:\Users\agomez\.m2\repository\org\apache\maven\surefire\surefire-logger-api\2.22.1\surefire-logger-api-2.22.1.jar;C:\Users\agomez\Documents\temp\jhipster\JHIPSTER2\target\test-classes;C:\Users\agomez\Documents\temp\jhipster\JHIPSTER2\target\classes;C:\Users\agomez\.m2\repository\io\github\jhipster\jhipster-framework\2.1.1\jhipster-framework-2.1.1.jar;C:\Users\agomez\.m2\repository\org\springframework\spring-context-support\5.0.12.RELEASE\spring-context-support-5.0.12.RELEASE.jar;C:\Users\agomez\.m2\repository\org\springframework\spring-beans\5.0.12.RELEASE\spring-beans-5.0.12.RELEASE.jar;C:\Users\agomez\.m2\repository\org\springframework\boot\spring-boot-actuator-autoconfigure\2.0.8.RELEASE\spring-boot-actuator-autoconfigure-2.0.8.RELEASE.jar;C:\Users\agomez\.m2\repository\org\springframework\boot\spring-boot-actuator\2.0.8.RELEASE\spring-boot-actuator-2.0.8.RELEASE.jar;C:\Users\agomez\.m2\repository\org\springframework\boot\spring-boot-autoconfigure\2.0.8.RELEASE\spring-boot-autoconfigure-2.0.8.RELEASE.jar;C:\Users\agomez\.m2\repository\io\micrometer\micrometer-core\1.1.0\micrometer-core-1.1.0.jar;C:\Users\agomez\.m2\repository\org\hdrhistogram\HdrHistogram\2.1.9\HdrHistogram-2.1.9.jar;C:\Users\agomez\.m2\repository\org\latencyutils\LatencyUtils\2.0.3\LatencyUtils-2.0.3.jar;C:\Users\agomez\.m2\repository\org\springframework\boot\spring-boot-starter-cache\2.0.8.RELEASE\spring-boot-starter-cache-2.0.8.RELEASE.jar;C:\Users\agomez\.m2\repository\org\springframework\boot\spring-boot-starter\2.0.8.RELEASE\spring-boot-starter-2.0.8.RELEASE.jar;C:\Users\agomez\.m2\repository\javax\annotation\javax.annotation-api\1.3.2\javax.annotation-api-1.3.2.jar;C:\Users\agomez\.m2\repository\org\springframework\spring-context\5.0.12.RELEASE\spring-context-5.0.12.RELEASE.jar;C:\Users\agomez\.m2\repository\org\springframework\spring-expression\5.0.12.RELEASE\spring-expression-5.0.12.RELEASE.jar;C:\Users\agomez\.m2\repository\com\fasterxml\jackson\datatype\jackson-datatype-hibernate5\2.9.8\jackson-datatype-hibernate5-2.9.8.jar;C:\Users\agomez\.m2\repository\javax\transaction\jta\1.1\jta-1.1.jar;C:\Users\agomez\.m2\repository\com\fasterxml\jackson\core\jackson-core\2.9.8\jackson-core-2.9.8.jar;C:\Users\agomez\.m2\repository\com\fasterxml\jackson\core\jackson-databind\2.9.8\jackson-databind-2.9.8.jar;C:\Users\agomez\.m2\repository\com\fasterxml\jackson\datatype\jackson-datatype-hppc\2.9.8\jackson-datatype-hppc-2.9.8.jar;C:\Users\agomez\.m2\repository\com\carrotsearch\hppc\0.7.1\hppc-0.7.1.jar;C:\Users\agomez\.m2\repository\com\fasterxml\jackson\datatype\jackson-datatype-jsr310\2.9.8\jackson-datatype-jsr310-2.9.8.jar;C:\Users\agomez\.m2\repository\com\fasterxml\jackson\core\jackson-annotations\2.9.0\jackson-annotations-2.9.0.jar;C:\Users\agomez\.m2\repository\com\fasterxml\jackson\module\jackson-module-afterburner\2.9.8\jackson-module-afterburner-2.9.8.jar;C:\Users\agomez\.m2\repository\com\h2database\h2\1.4.197\h2-1.4.197.jar;C:\Users\agomez\.m2\repository\com\jayway\jsonpath\json-path\2.4.0\json-path-2.4.0.jar;C:\Users\agomez\.m2\repository\net\minidev\json-smart\2.3\json-smart-2.3.jar;C:\Users\agomez\.m2\repository\net\minidev\accessors-smart\1.2\accessors-smart-1.2.jar;C:\Users\agomez\.m2\repository\org\ow2\asm\asm\5.0.4\asm-5.0.4.jar;C:\Users\agomez\.m2\repository\org\slf4j\slf4j-api\1.7.25\slf4j-api-1.7.25.jar;C:\Users\agomez\.m2\repository\io\springfox\springfox-swagger2\2.9.2\springfox-swagger2-2.9.2.jar;C:\Users\agomez\.m2\repository\io\swagger\swagger-annotations\1.5.20\swagger-annotations-1.5.20.jar;C:\Users\agomez\.m2\repository\io\swagger\swagger-models\1.5.20\swagger-models-1.5.20.jar;C:\Users\agomez\.m2\repository\io\springfox\springfox-spi\2.9.2\springfox-spi-2.9.2.jar;C:\Users\agomez\.m2\repository\io\springfox\springfox-core\2.9.2\springfox-core-2.9.2.jar;C:\Users\agomez\.m2\repository\io\springfox\springfox-schema\2.9.2\springfox-schema-2.9.2.jar;C:\Users\agomez\.m2\repository\io\springfox\springfox-swagger-common\2.9.2\springfox-swagger-common-2.9.2.jar;C:\Users\agomez\.m2\repository\io\springfox\springfox-spring-web\2.9.2\springfox-spring-web-2.9.2.jar;C:\Users\agomez\.m2\repository\com\google\guava\guava\25.1-jre\guava-25.1-jre.jar;C:\Users\agomez\.m2\repository\org\checkerframework\checker-qual\2.0.0\checker-qual-2.0.0.jar;C:\Users\agomez\.m2\repository\com\google\errorprone\error_prone_annotations\2.1.3\error_prone_annotations-2.1.3.jar;C:\Users\agomez\.m2\repository\com\google\j2objc\j2objc-annotations\1.1\j2objc-annotations-1.1.jar;C:\Users\agomez\.m2\repository\org\codehaus\mojo\animal-sniffer-annotations\1.14\animal-sniffer-annotations-1.14.jar;C:\Users\agomez\.m2\repository\com\fasterxml\classmate\1.3.4\classmate-1.3.4.jar;C:\Users\agomez\.m2\repository\org\springframework\plugin\spring-plugin-core\1.2.0.RELEASE\spring-plugin-core-1.2.0.RELEASE.jar;C:\Users\agomez\.m2\repository\org\springframework\plugin\spring-plugin-metadata\1.2.0.RELEASE\spring-plugin-metadata-1.2.0.RELEASE.jar;C:\Users\agomez\.m2\repository\io\springfox\springfox-bean-validators\2.9.2\springfox-bean-validators-2.9.2.jar;C:\Users\agomez\.m2\repository\com\mattbertolini\liquibase-slf4j\2.0.0\liquibase-slf4j-2.0.0.jar;C:\Users\agomez\.m2\repository\com\zaxxer\HikariCP\2.7.9\HikariCP-2.7.9.jar;C:\Users\agomez\.m2\repository\commons-io\commons-io\2.6\commons-io-2.6.jar;C:\Users\agomez\.m2\repository\org\apache\commons\commons-lang3\3.7\commons-lang3-3.7.jar;C:\Users\agomez\.m2\repository\javax\cache\cache-api\1.1.0\cache-api-1.1.0.jar;C:\Users\agomez\.m2\repository\mysql\mysql-connector-java\5.1.47\mysql-connector-java-5.1.47.jar;C:\Users\agomez\.m2\repository\org\assertj\assertj-core\3.9.1\assertj-core-3.9.1.jar;C:\Users\agomez\.m2\repository\org\ehcache\ehcache\3.5.3\ehcache-3.5.3.jar;C:\Users\agomez\.m2\repository\org\hibernate\hibernate-jcache\5.2.17.Final\hibernate-jcache-5.2.17.Final.jar;C:\Users\agomez\.m2\repository\org\jboss\logging\jboss-logging\3.3.2.Final\jboss-logging-3.3.2.Final.jar;C:\Users\agomez\.m2\repository\org\hibernate\hibernate-core\5.2.17.Final\hibernate-core-5.2.17.Final.jar;C:\Users\agomez\.m2\repository\org\hibernate\javax\persistence\hibernate-jpa-2.1-api\1.0.2.Final\hibernate-jpa-2.1-api-1.0.2.Final.jar;C:\Users\agomez\.m2\repository\org\javassist\javassist\3.22.0-GA\javassist-3.22.0-GA.jar;C:\Users\agomez\.m2\repository\antlr\antlr\2.7.7\antlr-2.7.7.jar;C:\Users\agomez\.m2\repository\org\jboss\spec\javax\transaction\jboss-transaction-api_1.2_spec\1.0.1.Final\jboss-transaction-api_1.2_spec-1.0.1.Final.jar;C:\Users\agomez\.m2\repository\org\jboss\jandex\2.0.3.Final\jandex-2.0.3.Final.jar;C:\Users\agomez\.m2\repository\dom4j\dom4j\1.6.1\dom4j-1.6.1.jar;C:\Users\agomez\.m2\repository\org\hibernate\common\hibernate-commons-annotations\5.0.1.Final\hibernate-commons-annotations-5.0.1.Final.jar;C:\Users\agomez\.m2\repository\org\hibernate\hibernate-jpamodelgen\5.2.17.Final\hibernate-jpamodelgen-5.2.17.Final.jar;C:\Users\agomez\.m2\repository\org\hibernate\hibernate-envers\5.2.17.Final\hibernate-envers-5.2.17.Final.jar;C:\Users\agomez\.m2\repository\org\hibernate\validator\hibernate-validator\6.0.14.Final\hibernate-validator-6.0.14.Final.jar;C:\Users\agomez\.m2\repository\javax\validation\validation-api\2.0.1.Final\validation-api-2.0.1.Final.jar;C:\Users\agomez\.m2\repository\org\liquibase\liquibase-core\3.5.5\liquibase-core-3.5.5.jar;C:\Users\agomez\.m2\repository\org\yaml\snakeyaml\1.19\snakeyaml-1.19.jar;C:\Users\agomez\.m2\repository\net\logstash\logback\logstash-logback-encoder\5.2\logstash-logback-encoder-5.2.jar;C:\Users\agomez\.m2\repository\org\mapstruct\mapstruct-jdk8\1.2.0.Final\mapstruct-jdk8-1.2.0.Final.jar;C:\Users\agomez\.m2\repository\org\mapstruct\mapstruct-processor\1.2.0.Final\mapstruct-processor-1.2.0.Final.jar;C:\Users\agomez\.m2\repository\org\springframework\boot\spring-boot-configuration-processor\2.0.8.RELEASE\spring-boot-configuration-processor-2.0.8.RELEASE.jar;C:\Users\agomez\.m2\repository\org\springframework\boot\spring-boot-loader-tools\2.0.8.RELEASE\spring-boot-loader-tools-2.0.8.RELEASE.jar;C:\Users\agomez\.m2\repository\org\springframework\spring-core\5.0.12.RELEASE\spring-core-5.0.12.RELEASE.jar;C:\Users\agomez\.m2\repository\org\springframework\spring-jcl\5.0.12.RELEASE\spring-jcl-5.0.12.RELEASE.jar;C:\Users\agomez\.m2\repository\org\apache\commons\commons-compress\1.14\commons-compress-1.14.jar;C:\Users\agomez\.m2\repository\org\springframework\boot\spring-boot-starter-actuator\2.0.8.RELEASE\spring-boot-starter-actuator-2.0.8.RELEASE.jar;C:\Users\agomez\.m2\repository\org\springframework\boot\spring-boot-starter-aop\2.0.8.RELEASE\spring-boot-starter-aop-2.0.8.RELEASE.jar;C:\Users\agomez\.m2\repository\org\springframework\spring-aop\5.0.12.RELEASE\spring-aop-5.0.12.RELEASE.jar;C:\Users\agomez\.m2\repository\org\aspectj\aspectjweaver\1.8.13\aspectjweaver-1.8.13.jar;C:\Users\agomez\.m2\repository\org\springframework\boot\spring-boot-starter-data-jpa\2.0.8.RELEASE\spring-boot-starter-data-jpa-2.0.8.RELEASE.jar;C:\Users\agomez\.m2\repository\org\springframework\boot\spring-boot-starter-jdbc\2.0.8.RELEASE\spring-boot-starter-jdbc-2.0.8.RELEASE.jar;C:\Users\agomez\.m2\repository\org\springframework\spring-jdbc\5.0.12.RELEASE\spring-jdbc-5.0.12.RELEASE.jar;C:\Users\agomez\.m2\repository\javax\transaction\javax.transaction-api\1.2\javax.transaction-api-1.2.jar;C:\Users\agomez\.m2\repository\org\springframework\data\spring-data-jpa\2.0.13.RELEASE\spring-data-jpa-2.0.13.RELEASE.jar;C:\Users\agomez\.m2\repository\org\springframework\spring-orm\5.0.12.RELEASE\spring-orm-5.0.12.RELEASE.jar;C:\Users\agomez\.m2\repository\org\springframework\spring-tx\5.0.12.RELEASE\spring-tx-5.0.12.RELEASE.jar;C:\Users\agomez\.m2\repository\org\springframework\spring-aspects\5.0.12.RELEASE\spring-aspects-5.0.12.RELEASE.jar;C:\Users\agomez\.m2\repository\org\springframework\boot\spring-boot-starter-logging\2.0.8.RELEASE\spring-boot-starter-logging-2.0.8.RELEASE.jar;C:\Users\agomez\.m2\repository\ch\qos\logback\logback-classic\1.2.3\logback-classic-1.2.3.jar;C:\Users\agomez\.m2\repository\ch\qos\logback\logback-core\1.2.3\logback-core-1.2.3.jar;C:\Users\agomez\.m2\repository\org\apache\logging\log4j\log4j-to-slf4j\2.10.0\log4j-to-slf4j-2.10.0.jar;C:\Users\agomez\.m2\repository\org\apache\logging\log4j\log4j-api\2.10.0\log4j-api-2.10.0.jar;C:\Users\agomez\.m2\repository\org\slf4j\jul-to-slf4j\1.7.25\jul-to-slf4j-1.7.25.jar;C:\Users\agomez\.m2\repository\org\springframework\boot\spring-boot-starter-mail\2.0.8.RELEASE\spring-boot-starter-mail-2.0.8.RELEASE.jar;C:\Users\agomez\.m2\repository\com\sun\mail\javax.mail\1.6.2\javax.mail-1.6.2.jar;C:\Users\agomez\.m2\repository\javax\activation\activation\1.1\activation-1.1.jar;C:\Users\agomez\.m2\repository\org\springframework\boot\spring-boot-starter-security\2.0.8.RELEASE\spring-boot-starter-security-2.0.8.RELEASE.jar;C:\Users\agomez\.m2\repository\org\springframework\security\spring-security-config\5.0.11.RELEASE\spring-security-config-5.0.11.RELEASE.jar;C:\Users\agomez\.m2\repository\org\springframework\security\spring-security-web\5.0.11.RELEASE\spring-security-web-5.0.11.RELEASE.jar;C:\Users\agomez\.m2\repository\org\springframework\boot\spring-boot-starter-thymeleaf\2.0.8.RELEASE\spring-boot-starter-thymeleaf-2.0.8.RELEASE.jar;C:\Users\agomez\.m2\repository\org\thymeleaf\thymeleaf-spring5\3.0.11.RELEASE\thymeleaf-spring5-3.0.11.RELEASE.jar;C:\Users\agomez\.m2\repository\org\thymeleaf\thymeleaf\3.0.11.RELEASE\thymeleaf-3.0.11.RELEASE.jar;C:\Users\agomez\.m2\repository\org\attoparser\attoparser\2.0.5.RELEASE\attoparser-2.0.5.RELEASE.jar;C:\Users\agomez\.m2\repository\org\unbescape\unbescape\1.1.6.RELEASE\unbescape-1.1.6.RELEASE.jar;C:\Users\agomez\.m2\repository\org\thymeleaf\extras\thymeleaf-extras-java8time\3.0.2.RELEASE\thymeleaf-extras-java8time-3.0.2.RELEASE.jar;C:\Users\agomez\.m2\repository\org\springframework\boot\spring-boot-starter-web\2.0.8.RELEASE\spring-boot-starter-web-2.0.8.RELEASE.jar;C:\Users\agomez\.m2\repository\org\springframework\boot\spring-boot-starter-json\2.0.8.RELEASE\spring-boot-starter-json-2.0.8.RELEASE.jar;C:\Users\agomez\.m2\repository\com\fasterxml\jackson\datatype\jackson-datatype-jdk8\2.9.8\jackson-datatype-jdk8-2.9.8.jar;C:\Users\agomez\.m2\repository\com\fasterxml\jackson\module\jackson-module-parameter-names\2.9.8\jackson-module-parameter-names-2.9.8.jar;C:\Users\agomez\.m2\repository\org\springframework\spring-web\5.0.12.RELEASE\spring-web-5.0.12.RELEASE.jar;C:\Users\agomez\.m2\repository\org\springframework\spring-webmvc\5.0.12.RELEASE\spring-webmvc-5.0.12.RELEASE.jar;C:\Users\agomez\.m2\repository\org\springframework\boot\spring-boot-starter-test\2.0.8.RELEASE\spring-boot-starter-test-2.0.8.RELEASE.jar;C:\Users\agomez\.m2\repository\org\springframework\boot\spring-boot-test-autoconfigure\2.0.8.RELEASE\spring-boot-test-autoconfigure-2.0.8.RELEASE.jar;C:\Users\agomez\.m2\repository\junit\junit\4.12\junit-4.12.jar;C:\Users\agomez\.m2\repository\org\mockito\mockito-core\2.15.0\mockito-core-2.15.0.jar;C:\Users\agomez\.m2\repository\net\bytebuddy\byte-buddy\1.7.11\byte-buddy-1.7.11.jar;C:\Users\agomez\.m2\repository\net\bytebuddy\byte-buddy-agent\1.7.11\byte-buddy-agent-1.7.11.jar;C:\Users\agomez\.m2\repository\org\objenesis\objenesis\2.6\objenesis-2.6.jar;C:\Users\agomez\.m2\repository\org\hamcrest\hamcrest-core\1.3\hamcrest-core-1.3.jar;C:\Users\agomez\.m2\repository\org\hamcrest\hamcrest-library\1.3\hamcrest-library-1.3.jar;C:\Users\agomez\.m2\repository\org\skyscreamer\jsonassert\1.5.0\jsonassert-1.5.0.jar;C:\Users\agomez\.m2\repository\org\springframework\spring-test\5.0.12.RELEASE\spring-test-5.0.12.RELEASE.jar;C:\Users\agomez\.m2\repository\org\xmlunit\xmlunit-core\2.5.1\xmlunit-core-2.5.1.jar;C:\Users\agomez\.m2\repository\org\springframework\boot\spring-boot-test\2.0.8.RELEASE\spring-boot-test-2.0.8.RELEASE.jar;C:\Users\agomez\.m2\repository\org\springframework\boot\spring-boot\2.0.8.RELEASE\spring-boot-2.0.8.RELEASE.jar;C:\Users\agomez\.m2\repository\org\springframework\security\spring-security-test\5.0.11.RELEASE\spring-security-test-5.0.11.RELEASE.jar;C:\Users\agomez\.m2\repository\org\springframework\security\spring-security-core\5.0.11.RELEASE\spring-security-core-5.0.11.RELEASE.jar;C:\Users\agomez\.m2\repository\org\zalando\problem-spring-web\0.24.0-RC.0\problem-spring-web-0.24.0-RC.0.jar;C:\Users\agomez\.m2\repository\org\zalando\problem-violations\0.24.0-RC.0\problem-violations-0.24.0-RC.0.jar;C:\Users\agomez\.m2\repository\org\zalando\problem-spring-common\0.24.0-RC.0\problem-spring-common-0.24.0-RC.0.jar;C:\Users\agomez\.m2\repository\org\apiguardian\apiguardian-api\1.0.0\apiguardian-api-1.0.0.jar;C:\Users\agomez\.m2\repository\com\google\code\findbugs\jsr305\3.0.2\jsr305-3.0.2.jar;C:\Users\agomez\.m2\repository\org\zalando\problem\0.21.0\problem-0.21.0.jar;C:\Users\agomez\.m2\repository\org\zalando\jackson-datatype-problem\0.21.0\jackson-datatype-problem-0.21.0.jar;C:\Users\agomez\.m2\repository\org\zalando\faux-pas\0.8.0\faux-pas-0.8.0.jar;C:\Users\agomez\.m2\repository\io\jsonwebtoken\jjwt-api\0.10.5\jjwt-api-0.10.5.jar;C:\Users\agomez\.m2\repository\io\jsonwebtoken\jjwt-impl\0.10.5\jjwt-impl-0.10.5.jar;C:\Users\agomez\.m2\repository\io\jsonwebtoken\jjwt-jackson\0.10.5\jjwt-jackson-0.10.5.jar;C:\Users\agomez\.m2\repository\org\springframework\boot\spring-boot-starter-cloud-connectors\2.0.8.RELEASE\spring-boot-starter-cloud-connectors-2.0.8.RELEASE.jar;C:\Users\agomez\.m2\repository\org\springframework\cloud\spring-cloud-spring-service-connector\2.0.4.RELEASE\spring-cloud-spring-service-connector-2.0.4.RELEASE.jar;C:\Users\agomez\.m2\repository\org\springframework\cloud\spring-cloud-connectors-core\2.0.4.RELEASE\spring-cloud-connectors-core-2.0.4.RELEASE.jar;C:\Users\agomez\.m2\repository\org\springframework\cloud\spring-cloud-cloudfoundry-connector\2.0.4.RELEASE\spring-cloud-cloudfoundry-connector-2.0.4.RELEASE.jar;C:\Users\agomez\.m2\repository\org\springframework\cloud\spring-cloud-heroku-connector\2.0.4.RELEASE\spring-cloud-heroku-connector-2.0.4.RELEASE.jar;C:\Users\agomez\.m2\repository\org\springframework\cloud\spring-cloud-localconfig-connector\2.0.4.RELEASE\spring-cloud-localconfig-connector-2.0.4.RELEASE.jar;C:\Users\agomez\.m2\repository\org\springframework\security\spring-security-data\5.0.11.RELEASE\spring-security-data-5.0.11.RELEASE.jar;C:\Users\agomez\.m2\repository\javax\xml\bind\jaxb-api\2.3.1\jaxb-api-2.3.1.jar;C:\Users\agomez\.m2\repository\javax\activation\javax.activation-api\1.2.0\javax.activation-api-1.2.0.jar;C:\Users\agomez\.m2\repository\org\springframework\data\spring-data-commons\2.0.13.RELEASE\spring-data-commons-2.0.13.RELEASE.jar;C:\Users\agomez\.m2\repository\io\micrometer\micrometer-registry-prometheus\1.1.0\micrometer-registry-prometheus-1.1.0.jar;C:\Users\agomez\.m2\repository\io\prometheus\simpleclient_common\0.5.0\simpleclient_common-0.5.0.jar;C:\Users\agomez\.m2\repository\io\prometheus\simpleclient\0.5.0\simpleclient-0.5.0.jar;C:\Users\agomez\.m2\repository\io\dropwizard\metrics\metrics-core\4.0.3\metrics-core-4.0.3.jar;C:\Users\agomez\.m2\repository\org\springframework\boot\spring-boot-starter-undertow\2.0.8.RELEASE\spring-boot-starter-undertow-2.0.8.RELEASE.jar;C:\Users\agomez\.m2\repository\io\undertow\undertow-core\1.4.26.Final\undertow-core-1.4.26.Final.jar;C:\Users\agomez\.m2\repository\org\jboss\xnio\xnio-api\3.3.8.Final\xnio-api-3.3.8.Final.jar;C:\Users\agomez\.m2\repository\org\jboss\xnio\xnio-nio\3.3.8.Final\xnio-nio-3.3.8.Final.jar;C:\Users\agomez\.m2\repository\io\undertow\undertow-servlet\1.4.26.Final\undertow-servlet-1.4.26.Final.jar;C:\Users\agomez\.m2\repository\org\jboss\spec\javax\annotation\jboss-annotations-api_1.2_spec\1.0.2.Final\jboss-annotations-api_1.2_spec-1.0.2.Final.jar;C:\Users\agomez\.m2\repository\io\undertow\undertow-websockets-jsr\1.4.26.Final\undertow-websockets-jsr-1.4.26.Final.jar;C:\Users\agomez\.m2\repository\org\jboss\spec\javax\websocket\jboss-websocket-api_1.1_spec\1.1.3.Final\jboss-websocket-api_1.1_spec-1.1.3.Final.jar;C:\Users\agomez\.m2\repository\javax\servlet\javax.servlet-api\3.1.0\javax.servlet-api-3.1.0.jar;C:\Users\agomez\.m2\repository\org\glassfish\javax.el\3.0.0\javax.el-3.0.0.jar;C:\Users\agomez\.m2\repository\org\springframework\boot\spring-boot-devtools\2.0.8.RELEASE\spring-boot-devtools-2.0.8.RELEASE.jar;C:\Users\agomez\.m2\repository\org\apache\maven\surefire\surefire-junit4\2.22.1\surefire-junit4-2.22.1.jar;C:\\Users\\agomez\\.m2\\repository\\org\\jacoco\\org.jacoco.agent\\0.8.2\\org.jacoco.agent-0.8.2-runtime.jar"/>
    <property name="java.vm.vendor" value="Oracle Corporation"/>
    <property name="sun.arch.data.model" value="64"/>
    <property name="user.variant" value=""/>
    <property name="java.vendor.url" value="http://java.oracle.com/"/>
    <property name="user.timezone" value="America/Bogota"/>
    <property name="java.vm.specification.version" value="1.8"/>
    <property name="os.name" value="Windows 10"/>
    <property name="user.country" value="US"/>
    <property name="sun.java.launcher" value="SUN_STANDARD"/>
    <property name="sun.boot.library.path" value="C:\Program Files\Java\jdk1.8.0_201\jre\bin"/>
    <property name="sun.java.command" value="org.apache.maven.surefire.booter.ForkedBooter C:\Users\agomez\AppData\Local\Temp\surefire1700999085015941539 2019-06-19T11-58-40_489-jvmRun1 surefire5022501682898595713tmp surefire_06212299271809617519tmp"/>
    <property name="surefire.test.class.path" value="C:\Users\agomez\Documents\temp\jhipster\JHIPSTER2\target\test-classes;C:\Users\agomez\Documents\temp\jhipster\JHIPSTER2\target\classes;C:\Users\agomez\.m2\repository\io\github\jhipster\jhipster-framework\2.1.1\jhipster-framework-2.1.1.jar;C:\Users\agomez\.m2\repository\org\springframework\spring-context-support\5.0.12.RELEASE\spring-context-support-5.0.12.RELEASE.jar;C:\Users\agomez\.m2\repository\org\springframework\spring-beans\5.0.12.RELEASE\spring-beans-5.0.12.RELEASE.jar;C:\Users\agomez\.m2\repository\org\springframework\boot\spring-boot-actuator-autoconfigure\2.0.8.RELEASE\spring-boot-actuator-autoconfigure-2.0.8.RELEASE.jar;C:\Users\agomez\.m2\repository\org\springframework\boot\spring-boot-actuator\2.0.8.RELEASE\spring-boot-actuator-2.0.8.RELEASE.jar;C:\Users\agomez\.m2\repository\org\springframework\boot\spring-boot-autoconfigure\2.0.8.RELEASE\spring-boot-autoconfigure-2.0.8.RELEASE.jar;C:\Users\agomez\.m2\repository\io\micrometer\micrometer-core\1.1.0\micrometer-core-1.1.0.jar;C:\Users\agomez\.m2\repository\org\hdrhistogram\HdrHistogram\2.1.9\HdrHistogram-2.1.9.jar;C:\Users\agomez\.m2\repository\org\latencyutils\LatencyUtils\2.0.3\LatencyUtils-2.0.3.jar;C:\Users\agomez\.m2\repository\org\springframework\boot\spring-boot-starter-cache\2.0.8.RELEASE\spring-boot-starter-cache-2.0.8.RELEASE.jar;C:\Users\agomez\.m2\repository\org\springframework\boot\spring-boot-starter\2.0.8.RELEASE\spring-boot-starter-2.0.8.RELEASE.jar;C:\Users\agomez\.m2\repository\javax\annotation\javax.annotation-api\1.3.2\javax.annotation-api-1.3.2.jar;C:\Users\agomez\.m2\repository\org\springframework\spring-context\5.0.12.RELEASE\spring-context-5.0.12.RELEASE.jar;C:\Users\agomez\.m2\repository\org\springframework\spring-expression\5.0.12.RELEASE\spring-expression-5.0.12.RELEASE.jar;C:\Users\agomez\.m2\repository\com\fasterxml\jackson\datatype\jackson-datatype-hibernate5\2.9.8\jackson-datatype-hibernate5-2.9.8.jar;C:\Users\agomez\.m2\repository\javax\transaction\jta\1.1\jta-1.1.jar;C:\Users\agomez\.m2\repository\com\fasterxml\jackson\core\jackson-core\2.9.8\jackson-core-2.9.8.jar;C:\Users\agomez\.m2\repository\com\fasterxml\jackson\core\jackson-databind\2.9.8\jackson-databind-2.9.8.jar;C:\Users\agomez\.m2\repository\com\fasterxml\jackson\datatype\jackson-datatype-hppc\2.9.8\jackson-datatype-hppc-2.9.8.jar;C:\Users\agomez\.m2\repository\com\carrotsearch\hppc\0.7.1\hppc-0.7.1.jar;C:\Users\agomez\.m2\repository\com\fasterxml\jackson\datatype\jackson-datatype-jsr310\2.9.8\jackson-datatype-jsr310-2.9.8.jar;C:\Users\agomez\.m2\repository\com\fasterxml\jackson\core\jackson-annotations\2.9.0\jackson-annotations-2.9.0.jar;C:\Users\agomez\.m2\repository\com\fasterxml\jackson\module\jackson-module-afterburner\2.9.8\jackson-module-afterburner-2.9.8.jar;C:\Users\agomez\.m2\repository\com\h2database\h2\1.4.197\h2-1.4.197.jar;C:\Users\agomez\.m2\repository\com\jayway\jsonpath\json-path\2.4.0\json-path-2.4.0.jar;C:\Users\agomez\.m2\repository\net\minidev\json-smart\2.3\json-smart-2.3.jar;C:\Users\agomez\.m2\repository\net\minidev\accessors-smart\1.2\accessors-smart-1.2.jar;C:\Users\agomez\.m2\repository\org\ow2\asm\asm\5.0.4\asm-5.0.4.jar;C:\Users\agomez\.m2\repository\org\slf4j\slf4j-api\1.7.25\slf4j-api-1.7.25.jar;C:\Users\agomez\.m2\repository\io\springfox\springfox-swagger2\2.9.2\springfox-swagger2-2.9.2.jar;C:\Users\agomez\.m2\repository\io\swagger\swagger-annotations\1.5.20\swagger-annotations-1.5.20.jar;C:\Users\agomez\.m2\repository\io\swagger\swagger-models\1.5.20\swagger-models-1.5.20.jar;C:\Users\agomez\.m2\repository\io\springfox\springfox-spi\2.9.2\springfox-spi-2.9.2.jar;C:\Users\agomez\.m2\repository\io\springfox\springfox-core\2.9.2\springfox-core-2.9.2.jar;C:\Users\agomez\.m2\repository\io\springfox\springfox-schema\2.9.2\springfox-schema-2.9.2.jar;C:\Users\agomez\.m2\repository\io\springfox\springfox-swagger-common\2.9.2\springfox-swagger-common-2.9.2.jar;C:\Users\agomez\.m2\repository\io\springfox\springfox-spring-web\2.9.2\springfox-spring-web-2.9.2.jar;C:\Users\agomez\.m2\repository\com\google\guava\guava\25.1-jre\guava-25.1-jre.jar;C:\Users\agomez\.m2\repository\org\checkerframework\checker-qual\2.0.0\checker-qual-2.0.0.jar;C:\Users\agomez\.m2\repository\com\google\errorprone\error_prone_annotations\2.1.3\error_prone_annotations-2.1.3.jar;C:\Users\agomez\.m2\repository\com\google\j2objc\j2objc-annotations\1.1\j2objc-annotations-1.1.jar;C:\Users\agomez\.m2\repository\org\codehaus\mojo\animal-sniffer-annotations\1.14\animal-sniffer-annotations-1.14.jar;C:\Users\agomez\.m2\repository\com\fasterxml\classmate\1.3.4\classmate-1.3.4.jar;C:\Users\agomez\.m2\repository\org\springframework\plugin\spring-plugin-core\1.2.0.RELEASE\spring-plugin-core-1.2.0.RELEASE.jar;C:\Users\agomez\.m2\repository\org\springframework\plugin\spring-plugin-metadata\1.2.0.RELEASE\spring-plugin-metadata-1.2.0.RELEASE.jar;C:\Users\agomez\.m2\repository\io\springfox\springfox-bean-validators\2.9.2\springfox-bean-validators-2.9.2.jar;C:\Users\agomez\.m2\repository\com\mattbertolini\liquibase-slf4j\2.0.0\liquibase-slf4j-2.0.0.jar;C:\Users\agomez\.m2\repository\com\zaxxer\HikariCP\2.7.9\HikariCP-2.7.9.jar;C:\Users\agomez\.m2\repository\commons-io\commons-io\2.6\commons-io-2.6.jar;C:\Users\agomez\.m2\repository\org\apache\commons\commons-lang3\3.7\commons-lang3-3.7.jar;C:\Users\agomez\.m2\repository\javax\cache\cache-api\1.1.0\cache-api-1.1.0.jar;C:\Users\agomez\.m2\repository\mysql\mysql-connector-java\5.1.47\mysql-connector-java-5.1.47.jar;C:\Users\agomez\.m2\repository\org\assertj\assertj-core\3.9.1\assertj-core-3.9.1.jar;C:\Users\agomez\.m2\repository\org\ehcache\ehcache\3.5.3\ehcache-3.5.3.jar;C:\Users\agomez\.m2\repository\org\hibernate\hibernate-jcache\5.2.17.Final\hibernate-jcache-5.2.17.Final.jar;C:\Users\agomez\.m2\repository\org\jboss\logging\jboss-logging\3.3.2.Final\jboss-logging-3.3.2.Final.jar;C:\Users\agomez\.m2\repository\org\hibernate\hibernate-core\5.2.17.Final\hibernate-core-5.2.17.Final.jar;C:\Users\agomez\.m2\repository\org\hibernate\javax\persistence\hibernate-jpa-2.1-api\1.0.2.Final\hibernate-jpa-2.1-api-1.0.2.Final.jar;C:\Users\agomez\.m2\repository\org\javassist\javassist\3.22.0-GA\javassist-3.22.0-GA.jar;C:\Users\agomez\.m2\repository\antlr\antlr\2.7.7\antlr-2.7.7.jar;C:\Users\agomez\.m2\repository\org\jboss\spec\javax\transaction\jboss-transaction-api_1.2_spec\1.0.1.Final\jboss-transaction-api_1.2_spec-1.0.1.Final.jar;C:\Users\agomez\.m2\repository\org\jboss\jandex\2.0.3.Final\jandex-2.0.3.Final.jar;C:\Users\agomez\.m2\repository\dom4j\dom4j\1.6.1\dom4j-1.6.1.jar;C:\Users\agomez\.m2\repository\org\hibernate\common\hibernate-commons-annotations\5.0.1.Final\hibernate-commons-annotations-5.0.1.Final.jar;C:\Users\agomez\.m2\repository\org\hibernate\hibernate-jpamodelgen\5.2.17.Final\hibernate-jpamodelgen-5.2.17.Final.jar;C:\Users\agomez\.m2\repository\org\hibernate\hibernate-envers\5.2.17.Final\hibernate-envers-5.2.17.Final.jar;C:\Users\agomez\.m2\repository\org\hibernate\validator\hibernate-validator\6.0.14.Final\hibernate-validator-6.0.14.Final.jar;C:\Users\agomez\.m2\repository\javax\validation\validation-api\2.0.1.Final\validation-api-2.0.1.Final.jar;C:\Users\agomez\.m2\repository\org\liquibase\liquibase-core\3.5.5\liquibase-core-3.5.5.jar;C:\Users\agomez\.m2\repository\org\yaml\snakeyaml\1.19\snakeyaml-1.19.jar;C:\Users\agomez\.m2\repository\net\logstash\logback\logstash-logback-encoder\5.2\logstash-logback-encoder-5.2.jar;C:\Users\agomez\.m2\repository\org\mapstruct\mapstruct-jdk8\1.2.0.Final\mapstruct-jdk8-1.2.0.Final.jar;C:\Users\agomez\.m2\repository\org\mapstruct\mapstruct-processor\1.2.0.Final\mapstruct-processor-1.2.0.Final.jar;C:\Users\agomez\.m2\repository\org\springframework\boot\spring-boot-configuration-processor\2.0.8.RELEASE\spring-boot-configuration-processor-2.0.8.RELEASE.jar;C:\Users\agomez\.m2\repository\org\springframework\boot\spring-boot-loader-tools\2.0.8.RELEASE\spring-boot-loader-tools-2.0.8.RELEASE.jar;C:\Users\agomez\.m2\repository\org\springframework\spring-core\5.0.12.RELEASE\spring-core-5.0.12.RELEASE.jar;C:\Users\agomez\.m2\repository\org\springframework\spring-jcl\5.0.12.RELEASE\spring-jcl-5.0.12.RELEASE.jar;C:\Users\agomez\.m2\repository\org\apache\commons\commons-compress\1.14\commons-compress-1.14.jar;C:\Users\agomez\.m2\repository\org\springframework\boot\spring-boot-starter-actuator\2.0.8.RELEASE\spring-boot-starter-actuator-2.0.8.RELEASE.jar;C:\Users\agomez\.m2\repository\org\springframework\boot\spring-boot-starter-aop\2.0.8.RELEASE\spring-boot-starter-aop-2.0.8.RELEASE.jar;C:\Users\agomez\.m2\repository\org\springframework\spring-aop\5.0.12.RELEASE\spring-aop-5.0.12.RELEASE.jar;C:\Users\agomez\.m2\repository\org\aspectj\aspectjweaver\1.8.13\aspectjweaver-1.8.13.jar;C:\Users\agomez\.m2\repository\org\springframework\boot\spring-boot-starter-data-jpa\2.0.8.RELEASE\spring-boot-starter-data-jpa-2.0.8.RELEASE.jar;C:\Users\agomez\.m2\repository\org\springframework\boot\spring-boot-starter-jdbc\2.0.8.RELEASE\spring-boot-starter-jdbc-2.0.8.RELEASE.jar;C:\Users\agomez\.m2\repository\org\springframework\spring-jdbc\5.0.12.RELEASE\spring-jdbc-5.0.12.RELEASE.jar;C:\Users\agomez\.m2\repository\javax\transaction\javax.transaction-api\1.2\javax.transaction-api-1.2.jar;C:\Users\agomez\.m2\repository\org\springframework\data\spring-data-jpa\2.0.13.RELEASE\spring-data-jpa-2.0.13.RELEASE.jar;C:\Users\agomez\.m2\repository\org\springframework\spring-orm\5.0.12.RELEASE\spring-orm-5.0.12.RELEASE.jar;C:\Users\agomez\.m2\repository\org\springframework\spring-tx\5.0.12.RELEASE\spring-tx-5.0.12.RELEASE.jar;C:\Users\agomez\.m2\repository\org\springframework\spring-aspects\5.0.12.RELEASE\spring-aspects-5.0.12.RELEASE.jar;C:\Users\agomez\.m2\repository\org\springframework\boot\spring-boot-starter-logging\2.0.8.RELEASE\spring-boot-starter-logging-2.0.8.RELEASE.jar;C:\Users\agomez\.m2\repository\ch\qos\logback\logback-classic\1.2.3\logback-classic-1.2.3.jar;C:\Users\agomez\.m2\repository\ch\qos\logback\logback-core\1.2.3\logback-core-1.2.3.jar;C:\Users\agomez\.m2\repository\org\apache\logging\log4j\log4j-to-slf4j\2.10.0\log4j-to-slf4j-2.10.0.jar;C:\Users\agomez\.m2\repository\org\apache\logging\log4j\log4j-api\2.10.0\log4j-api-2.10.0.jar;C:\Users\agomez\.m2\repository\org\slf4j\jul-to-slf4j\1.7.25\jul-to-slf4j-1.7.25.jar;C:\Users\agomez\.m2\repository\org\springframework\boot\spring-boot-starter-mail\2.0.8.RELEASE\spring-boot-starter-mail-2.0.8.RELEASE.jar;C:\Users\agomez\.m2\repository\com\sun\mail\javax.mail\1.6.2\javax.mail-1.6.2.jar;C:\Users\agomez\.m2\repository\javax\activation\activation\1.1\activation-1.1.jar;C:\Users\agomez\.m2\repository\org\springframework\boot\spring-boot-starter-security\2.0.8.RELEASE\spring-boot-starter-security-2.0.8.RELEASE.jar;C:\Users\agomez\.m2\repository\org\springframework\security\spring-security-config\5.0.11.RELEASE\spring-security-config-5.0.11.RELEASE.jar;C:\Users\agomez\.m2\repository\org\springframework\security\spring-security-web\5.0.11.RELEASE\spring-security-web-5.0.11.RELEASE.jar;C:\Users\agomez\.m2\repository\org\springframework\boot\spring-boot-starter-thymeleaf\2.0.8.RELEASE\spring-boot-starter-thymeleaf-2.0.8.RELEASE.jar;C:\Users\agomez\.m2\repository\org\thymeleaf\thymeleaf-spring5\3.0.11.RELEASE\thymeleaf-spring5-3.0.11.RELEASE.jar;C:\Users\agomez\.m2\repository\org\thymeleaf\thymeleaf\3.0.11.RELEASE\thymeleaf-3.0.11.RELEASE.jar;C:\Users\agomez\.m2\repository\org\attoparser\attoparser\2.0.5.RELEASE\attoparser-2.0.5.RELEASE.jar;C:\Users\agomez\.m2\repository\org\unbescape\unbescape\1.1.6.RELEASE\unbescape-1.1.6.RELEASE.jar;C:\Users\agomez\.m2\repository\org\thymeleaf\extras\thymeleaf-extras-java8time\3.0.2.RELEASE\thymeleaf-extras-java8time-3.0.2.RELEASE.jar;C:\Users\agomez\.m2\repository\org\springframework\boot\spring-boot-starter-web\2.0.8.RELEASE\spring-boot-starter-web-2.0.8.RELEASE.jar;C:\Users\agomez\.m2\repository\org\springframework\boot\spring-boot-starter-json\2.0.8.RELEASE\spring-boot-starter-json-2.0.8.RELEASE.jar;C:\Users\agomez\.m2\repository\com\fasterxml\jackson\datatype\jackson-datatype-jdk8\2.9.8\jackson-datatype-jdk8-2.9.8.jar;C:\Users\agomez\.m2\repository\com\fasterxml\jackson\module\jackson-module-parameter-names\2.9.8\jackson-module-parameter-names-2.9.8.jar;C:\Users\agomez\.m2\repository\org\springframework\spring-web\5.0.12.RELEASE\spring-web-5.0.12.RELEASE.jar;C:\Users\agomez\.m2\repository\org\springframework\spring-webmvc\5.0.12.RELEASE\spring-webmvc-5.0.12.RELEASE.jar;C:\Users\agomez\.m2\repository\org\springframework\boot\spring-boot-starter-test\2.0.8.RELEASE\spring-boot-starter-test-2.0.8.RELEASE.jar;C:\Users\agomez\.m2\repository\org\springframework\boot\spring-boot-test-autoconfigure\2.0.8.RELEASE\spring-boot-test-autoconfigure-2.0.8.RELEASE.jar;C:\Users\agomez\.m2\repository\junit\junit\4.12\junit-4.12.jar;C:\Users\agomez\.m2\repository\org\mockito\mockito-core\2.15.0\mockito-core-2.15.0.jar;C:\Users\agomez\.m2\repository\net\bytebuddy\byte-buddy\1.7.11\byte-buddy-1.7.11.jar;C:\Users\agomez\.m2\repository\net\bytebuddy\byte-buddy-agent\1.7.11\byte-buddy-agent-1.7.11.jar;C:\Users\agomez\.m2\repository\org\objenesis\objenesis\2.6\objenesis-2.6.jar;C:\Users\agomez\.m2\repository\org\hamcrest\hamcrest-core\1.3\hamcrest-core-1.3.jar;C:\Users\agomez\.m2\repository\org\hamcrest\hamcrest-library\1.3\hamcrest-library-1.3.jar;C:\Users\agomez\.m2\repository\org\skyscreamer\jsonassert\1.5.0\jsonassert-1.5.0.jar;C:\Users\agomez\.m2\repository\org\springframework\spring-test\5.0.12.RELEASE\spring-test-5.0.12.RELEASE.jar;C:\Users\agomez\.m2\repository\org\xmlunit\xmlunit-core\2.5.1\xmlunit-core-2.5.1.jar;C:\Users\agomez\.m2\repository\org\springframework\boot\spring-boot-test\2.0.8.RELEASE\spring-boot-test-2.0.8.RELEASE.jar;C:\Users\agomez\.m2\repository\org\springframework\boot\spring-boot\2.0.8.RELEASE\spring-boot-2.0.8.RELEASE.jar;C:\Users\agomez\.m2\repository\org\springframework\security\spring-security-test\5.0.11.RELEASE\spring-security-test-5.0.11.RELEASE.jar;C:\Users\agomez\.m2\repository\org\springframework\security\spring-security-core\5.0.11.RELEASE\spring-security-core-5.0.11.RELEASE.jar;C:\Users\agomez\.m2\repository\org\zalando\problem-spring-web\0.24.0-RC.0\problem-spring-web-0.24.0-RC.0.jar;C:\Users\agomez\.m2\repository\org\zalando\problem-violations\0.24.0-RC.0\problem-violations-0.24.0-RC.0.jar;C:\Users\agomez\.m2\repository\org\zalando\problem-spring-common\0.24.0-RC.0\problem-spring-common-0.24.0-RC.0.jar;C:\Users\agomez\.m2\repository\org\apiguardian\apiguardian-api\1.0.0\apiguardian-api-1.0.0.jar;C:\Users\agomez\.m2\repository\com\google\code\findbugs\jsr305\3.0.2\jsr305-3.0.2.jar;C:\Users\agomez\.m2\repository\org\zalando\problem\0.21.0\problem-0.21.0.jar;C:\Users\agomez\.m2\repository\org\zalando\jackson-datatype-problem\0.21.0\jackson-datatype-problem-0.21.0.jar;C:\Users\agomez\.m2\repository\org\zalando\faux-pas\0.8.0\faux-pas-0.8.0.jar;C:\Users\agomez\.m2\repository\io\jsonwebtoken\jjwt-api\0.10.5\jjwt-api-0.10.5.jar;C:\Users\agomez\.m2\repository\io\jsonwebtoken\jjwt-impl\0.10.5\jjwt-impl-0.10.5.jar;C:\Users\agomez\.m2\repository\io\jsonwebtoken\jjwt-jackson\0.10.5\jjwt-jackson-0.10.5.jar;C:\Users\agomez\.m2\repository\org\springframework\boot\spring-boot-starter-cloud-connectors\2.0.8.RELEASE\spring-boot-starter-cloud-connectors-2.0.8.RELEASE.jar;C:\Users\agomez\.m2\repository\org\springframework\cloud\spring-cloud-spring-service-connector\2.0.4.RELEASE\spring-cloud-spring-service-connector-2.0.4.RELEASE.jar;C:\Users\agomez\.m2\repository\org\springframework\cloud\spring-cloud-connectors-core\2.0.4.RELEASE\spring-cloud-connectors-core-2.0.4.RELEASE.jar;C:\Users\agomez\.m2\repository\org\springframework\cloud\spring-cloud-cloudfoundry-connector\2.0.4.RELEASE\spring-cloud-cloudfoundry-connector-2.0.4.RELEASE.jar;C:\Users\agomez\.m2\repository\org\springframework\cloud\spring-cloud-heroku-connector\2.0.4.RELEASE\spring-cloud-heroku-connector-2.0.4.RELEASE.jar;C:\Users\agomez\.m2\repository\org\springframework\cloud\spring-cloud-localconfig-connector\2.0.4.RELEASE\spring-cloud-localconfig-connector-2.0.4.RELEASE.jar;C:\Users\agomez\.m2\repository\org\springframework\security\spring-security-data\5.0.11.RELEASE\spring-security-data-5.0.11.RELEASE.jar;C:\Users\agomez\.m2\repository\javax\xml\bind\jaxb-api\2.3.1\jaxb-api-2.3.1.jar;C:\Users\agomez\.m2\repository\javax\activation\javax.activation-api\1.2.0\javax.activation-api-1.2.0.jar;C:\Users\agomez\.m2\repository\org\springframework\data\spring-data-commons\2.0.13.RELEASE\spring-data-commons-2.0.13.RELEASE.jar;C:\Users\agomez\.m2\repository\io\micrometer\micrometer-registry-prometheus\1.1.0\micrometer-registry-prometheus-1.1.0.jar;C:\Users\agomez\.m2\repository\io\prometheus\simpleclient_common\0.5.0\simpleclient_common-0.5.0.jar;C:\Users\agomez\.m2\repository\io\prometheus\simpleclient\0.5.0\simpleclient-0.5.0.jar;C:\Users\agomez\.m2\repository\io\dropwizard\metrics\metrics-core\4.0.3\metrics-core-4.0.3.jar;C:\Users\agomez\.m2\repository\org\springframework\boot\spring-boot-starter-undertow\2.0.8.RELEASE\spring-boot-starter-undertow-2.0.8.RELEASE.jar;C:\Users\agomez\.m2\repository\io\undertow\undertow-core\1.4.26.Final\undertow-core-1.4.26.Final.jar;C:\Users\agomez\.m2\repository\org\jboss\xnio\xnio-api\3.3.8.Final\xnio-api-3.3.8.Final.jar;C:\Users\agomez\.m2\repository\org\jboss\xnio\xnio-nio\3.3.8.Final\xnio-nio-3.3.8.Final.jar;C:\Users\agomez\.m2\repository\io\undertow\undertow-servlet\1.4.26.Final\undertow-servlet-1.4.26.Final.jar;C:\Users\agomez\.m2\repository\org\jboss\spec\javax\annotation\jboss-annotations-api_1.2_spec\1.0.2.Final\jboss-annotations-api_1.2_spec-1.0.2.Final.jar;C:\Users\agomez\.m2\repository\io\undertow\undertow-websockets-jsr\1.4.26.Final\undertow-websockets-jsr-1.4.26.Final.jar;C:\Users\agomez\.m2\repository\org\jboss\spec\javax\websocket\jboss-websocket-api_1.1_spec\1.1.3.Final\jboss-websocket-api_1.1_spec-1.1.3.Final.jar;C:\Users\agomez\.m2\repository\javax\servlet\javax.servlet-api\3.1.0\javax.servlet-api-3.1.0.jar;C:\Users\agomez\.m2\repository\org\glassfish\javax.el\3.0.0\javax.el-3.0.0.jar;C:\Users\agomez\.m2\repository\org\springframework\boot\spring-boot-devtools\2.0.8.RELEASE\spring-boot-devtools-2.0.8.RELEASE.jar;"/>
    <property name="sun.cpu.endian" value="little"/>
    <property name="user.home" value="C:\Users\agomez"/>
    <property name="user.language" value="en"/>
    <property name="java.specification.vendor" value="Oracle Corporation"/>
    <property name="java.home" value="C:\Program Files\Java\jdk1.8.0_201\jre"/>
    <property name="basedir" value="C:\Users\agomez\Documents\temp\jhipster\JHIPSTER2"/>
    <property name="file.separator" value="\"/>
    <property name="line.separator" value="&#10;"/>
    <property name="java.vm.specification.vendor" value="Oracle Corporation"/>
    <property name="java.specification.name" value="Java Platform API Specification"/>
    <property name="java.awt.graphicsenv" value="sun.awt.Win32GraphicsEnvironment"/>
    <property name="sun.boot.class.path" value="C:\Program Files\Java\jdk1.8.0_201\jre\lib\resources.jar;C:\Program Files\Java\jdk1.8.0_201\jre\lib\rt.jar;C:\Program Files\Java\jdk1.8.0_201\jre\lib\sunrsasign.jar;C:\Program Files\Java\jdk1.8.0_201\jre\lib\jsse.jar;C:\Program Files\Java\jdk1.8.0_201\jre\lib\jce.jar;C:\Program Files\Java\jdk1.8.0_201\jre\lib\charsets.jar;C:\Program Files\Java\jdk1.8.0_201\jre\lib\jfr.jar;C:\Program Files\Java\jdk1.8.0_201\jre\classes"/>
    <property name="user.script" value=""/>
    <property name="sun.management.compiler" value="HotSpot 64-Bit Tiered Compilers"/>
    <property name="java.runtime.version" value="1.8.0_201-b09"/>
    <property name="user.name" value="agomez"/>
    <property name="path.separator" value=";"/>
    <property name="java.security.egd" value="file:/dev/./urandom"/>
    <property name="os.version" value="10.0"/>
    <property name="java.endorsed.dirs" value="C:\Program Files\Java\jdk1.8.0_201\jre\lib\endorsed"/>
    <property name="java.runtime.name" value="Java(TM) SE Runtime Environment"/>
    <property name="file.encoding" value="Cp1252"/>
    <property name="java.vm.name" value="Java HotSpot(TM) 64-Bit Server VM"/>
    <property name="localRepository" value="C:\Users\agomez\.m2\repository"/>
    <property name="java.vendor.url.bug" value="http://bugreport.sun.com/bugreport/"/>
    <property name="java.io.tmpdir" value="C:\Users\agomez\AppData\Local\Temp\"/>
    <property name="java.version" value="1.8.0_201"/>
    <property name="user.dir" value="C:\Users\agomez\Documents\temp\jhipster\JHIPSTER2"/>
    <property name="os.arch" value="amd64"/>
    <property name="java.vm.specification.name" value="Java Virtual Machine Specification"/>
    <property name="java.awt.printerjob" value="sun.awt.windows.WPrinterJob"/>
    <property name="sun.os.patch.level" value=""/>
    <property name="idea.version2019.1" value="true"/>
    <property name="java.library.path" value="C:\Program Files\Java\jdk1.8.0_201\jre\bin;C:\Windows\Sun\Java\bin;C:\Windows\system32;C:\Windows;C:\Program Files\Microsoft MPI\Bin\;C:\Program Files (x86)\Intel\Intel(R) Management Engine Components\iCLS\;C:\Program Files\Intel\Intel(R) Management Engine Components\iCLS\;C:\Windows\system32;C:\Windows;C:\Windows\System32\Wbem;C:\Windows\System32\WindowsPowerShell\v1.0\;C:\Windows\System32\OpenSSH\;C:\Program Files (x86)\Intel\Intel(R) Management Engine Components\DAL;C:\Program Files\Intel\Intel(R) Management Engine Components\DAL;C:\Program Files (x86)\Intel\Intel(R) Management Engine Components\IPT;C:\Program Files\Intel\Intel(R) Management Engine Components\IPT;C:\Program Files\Git\cmd;C:\Program Files\dotnet\;C:\Program Files\Microsoft SQL Server\130\Tools\Binn\;C:\Program Files\nodejs\;C:\Program Files (x86)\Yarn\bin\;C:\Program Files (x86)\Dycode SimpleUBLTrialVS2008\bin;C:\Users\cyaya\AppData\Roaming\npm;C:\Program Files\Microsoft SQL Server\Client SDK\ODBC\170\Tools\Binn\;C:\Users\agomez\AppData\Local\Microsoft\WindowsApps;;C:\Users\agomez\AppData\Local\Programs\Microsoft VS Code\bin;."/>
    <property name="java.vm.info" value="mixed mode"/>
    <property name="java.vendor" value="Oracle Corporation"/>
    <property name="java.vm.version" value="25.201-b09"/>
    <property name="java.ext.dirs" value="C:\Program Files\Java\jdk1.8.0_201\jre\lib\ext;C:\Windows\Sun\Java\lib\ext"/>
    <property name="sun.io.unicode.encoding" value="UnicodeLittle"/>
    <property name="java.class.version" value="52.0"/>
  </properties>
  <testcase name="equalsVerifier" classname="co.edu.sena.ghostceet.web.rest.DisponibilidadHorariaResourceIntTest" time="0.009">
    <error message="org.hibernate.exception.ConstraintViolationException: could not execute statement" type="javax.persistence.PersistenceException">javax.persistence.PersistenceException: org.hibernate.exception.ConstraintViolationException: could not execute statement
	at co.edu.sena.ghostceet.web.rest.DisponibilidadHorariaResourceIntTest.createEntity(DisponibilidadHorariaResourceIntTest.java:99)
	at co.edu.sena.ghostceet.web.rest.DisponibilidadHorariaResourceIntTest.initTest(DisponibilidadHorariaResourceIntTest.java:108)
Caused by: org.hibernate.exception.ConstraintViolationException: could not execute statement
	at co.edu.sena.ghostceet.web.rest.DisponibilidadHorariaResourceIntTest.createEntity(DisponibilidadHorariaResourceIntTest.java:99)
	at co.edu.sena.ghostceet.web.rest.DisponibilidadHorariaResourceIntTest.initTest(DisponibilidadHorariaResourceIntTest.java:108)
Caused by: org.h2.jdbc.JdbcSQLException: 
Unique index or primary key violation: "UX_DOCUMENTO_NOMBRE_INDEX_D ON PUBLIC.DOCUMENTO(NOMBRE) VALUES ('AAAAAAAAAA', 41)"; SQL statement:
insert into documento (id, estado, nombre, sigla) values (null, ?, ?, ?) [23505-197]
	at co.edu.sena.ghostceet.web.rest.DisponibilidadHorariaResourceIntTest.createEntity(DisponibilidadHorariaResourceIntTest.java:99)
	at co.edu.sena.ghostceet.web.rest.DisponibilidadHorariaResourceIntTest.initTest(DisponibilidadHorariaResourceIntTest.java:108)
</error>
    <system-out><![CDATA[2019-06-19 11:59:38.054  WARN 24100 --- [           main] o.h.engine.jdbc.spi.SqlExceptionHelper   : SQL Error: 23505, SQLState: 23505
2019-06-19 11:59:38.055 ERROR 24100 --- [           main] o.h.engine.jdbc.spi.SqlExceptionHelper   : Unique index or primary key violation: "UX_DOCUMENTO_NOMBRE_INDEX_D ON PUBLIC.DOCUMENTO(NOMBRE) VALUES ('AAAAAAAAAA', 41)"; SQL statement:
insert into documento (id, estado, nombre, sigla) values (null, ?, ?, ?) [23505-197]
]]></system-out>
  </testcase>
  <testcase name="getDisponibilidadHoraria" classname="co.edu.sena.ghostceet.web.rest.DisponibilidadHorariaResourceIntTest" time="0.008">
    <error message="org.hibernate.exception.ConstraintViolationException: could not execute statement" type="javax.persistence.PersistenceException">javax.persistence.PersistenceException: org.hibernate.exception.ConstraintViolationException: could not execute statement
	at co.edu.sena.ghostceet.web.rest.DisponibilidadHorariaResourceIntTest.createEntity(DisponibilidadHorariaResourceIntTest.java:99)
	at co.edu.sena.ghostceet.web.rest.DisponibilidadHorariaResourceIntTest.initTest(DisponibilidadHorariaResourceIntTest.java:108)
Caused by: org.hibernate.exception.ConstraintViolationException: could not execute statement
	at co.edu.sena.ghostceet.web.rest.DisponibilidadHorariaResourceIntTest.createEntity(DisponibilidadHorariaResourceIntTest.java:99)
	at co.edu.sena.ghostceet.web.rest.DisponibilidadHorariaResourceIntTest.initTest(DisponibilidadHorariaResourceIntTest.java:108)
Caused by: org.h2.jdbc.JdbcSQLException: 
Unique index or primary key violation: "UX_DOCUMENTO_NOMBRE_INDEX_D ON PUBLIC.DOCUMENTO(NOMBRE) VALUES ('AAAAAAAAAA', 43)"; SQL statement:
insert into documento (id, estado, nombre, sigla) values (null, ?, ?, ?) [23505-197]
	at co.edu.sena.ghostceet.web.rest.DisponibilidadHorariaResourceIntTest.createEntity(DisponibilidadHorariaResourceIntTest.java:99)
	at co.edu.sena.ghostceet.web.rest.DisponibilidadHorariaResourceIntTest.initTest(DisponibilidadHorariaResourceIntTest.java:108)
</error>
    <system-out><![CDATA[2019-06-19 11:59:38.061  WARN 24100 --- [           main] o.h.engine.jdbc.spi.SqlExceptionHelper   : SQL Error: 23505, SQLState: 23505
2019-06-19 11:59:38.063 ERROR 24100 --- [           main] o.h.engine.jdbc.spi.SqlExceptionHelper   : Unique index or primary key violation: "UX_DOCUMENTO_NOMBRE_INDEX_D ON PUBLIC.DOCUMENTO(NOMBRE) VALUES ('AAAAAAAAAA', 43)"; SQL statement:
insert into documento (id, estado, nombre, sigla) values (null, ?, ?, ?) [23505-197]
]]></system-out>
  </testcase>
  <testcase name="updateDisponibilidadHoraria" classname="co.edu.sena.ghostceet.web.rest.DisponibilidadHorariaResourceIntTest" time="0.008">
    <error message="org.hibernate.exception.ConstraintViolationException: could not execute statement" type="javax.persistence.PersistenceException">javax.persistence.PersistenceException: org.hibernate.exception.ConstraintViolationException: could not execute statement
	at co.edu.sena.ghostceet.web.rest.DisponibilidadHorariaResourceIntTest.createEntity(DisponibilidadHorariaResourceIntTest.java:99)
	at co.edu.sena.ghostceet.web.rest.DisponibilidadHorariaResourceIntTest.initTest(DisponibilidadHorariaResourceIntTest.java:108)
Caused by: org.hibernate.exception.ConstraintViolationException: could not execute statement
	at co.edu.sena.ghostceet.web.rest.DisponibilidadHorariaResourceIntTest.createEntity(DisponibilidadHorariaResourceIntTest.java:99)
	at co.edu.sena.ghostceet.web.rest.DisponibilidadHorariaResourceIntTest.initTest(DisponibilidadHorariaResourceIntTest.java:108)
Caused by: org.h2.jdbc.JdbcSQLException: 
Unique index or primary key violation: "UX_DOCUMENTO_NOMBRE_INDEX_D ON PUBLIC.DOCUMENTO(NOMBRE) VALUES ('AAAAAAAAAA', 45)"; SQL statement:
insert into documento (id, estado, nombre, sigla) values (null, ?, ?, ?) [23505-197]
	at co.edu.sena.ghostceet.web.rest.DisponibilidadHorariaResourceIntTest.createEntity(DisponibilidadHorariaResourceIntTest.java:99)
	at co.edu.sena.ghostceet.web.rest.DisponibilidadHorariaResourceIntTest.initTest(DisponibilidadHorariaResourceIntTest.java:108)
</error>
    <system-out><![CDATA[2019-06-19 11:59:38.072  WARN 24100 --- [           main] o.h.engine.jdbc.spi.SqlExceptionHelper   : SQL Error: 23505, SQLState: 23505
2019-06-19 11:59:38.072 ERROR 24100 --- [           main] o.h.engine.jdbc.spi.SqlExceptionHelper   : Unique index or primary key violation: "UX_DOCUMENTO_NOMBRE_INDEX_D ON PUBLIC.DOCUMENTO(NOMBRE) VALUES ('AAAAAAAAAA', 45)"; SQL statement:
insert into documento (id, estado, nombre, sigla) values (null, ?, ?, ?) [23505-197]
]]></system-out>
  </testcase>
  <testcase name="getNonExistingDisponibilidadHoraria" classname="co.edu.sena.ghostceet.web.rest.DisponibilidadHorariaResourceIntTest" time="0.007">
    <error message="org.hibernate.exception.ConstraintViolationException: could not execute statement" type="javax.persistence.PersistenceException">javax.persistence.PersistenceException: org.hibernate.exception.ConstraintViolationException: could not execute statement
	at co.edu.sena.ghostceet.web.rest.DisponibilidadHorariaResourceIntTest.createEntity(DisponibilidadHorariaResourceIntTest.java:99)
	at co.edu.sena.ghostceet.web.rest.DisponibilidadHorariaResourceIntTest.initTest(DisponibilidadHorariaResourceIntTest.java:108)
Caused by: org.hibernate.exception.ConstraintViolationException: could not execute statement
	at co.edu.sena.ghostceet.web.rest.DisponibilidadHorariaResourceIntTest.createEntity(DisponibilidadHorariaResourceIntTest.java:99)
	at co.edu.sena.ghostceet.web.rest.DisponibilidadHorariaResourceIntTest.initTest(DisponibilidadHorariaResourceIntTest.java:108)
Caused by: org.h2.jdbc.JdbcSQLException: 
Unique index or primary key violation: "UX_DOCUMENTO_NOMBRE_INDEX_D ON PUBLIC.DOCUMENTO(NOMBRE) VALUES ('AAAAAAAAAA', 47)"; SQL statement:
insert into documento (id, estado, nombre, sigla) values (null, ?, ?, ?) [23505-197]
	at co.edu.sena.ghostceet.web.rest.DisponibilidadHorariaResourceIntTest.createEntity(DisponibilidadHorariaResourceIntTest.java:99)
	at co.edu.sena.ghostceet.web.rest.DisponibilidadHorariaResourceIntTest.initTest(DisponibilidadHorariaResourceIntTest.java:108)
</error>
    <system-out><![CDATA[2019-06-19 11:59:38.079  WARN 24100 --- [           main] o.h.engine.jdbc.spi.SqlExceptionHelper   : SQL Error: 23505, SQLState: 23505
2019-06-19 11:59:38.080 ERROR 24100 --- [           main] o.h.engine.jdbc.spi.SqlExceptionHelper   : Unique index or primary key violation: "UX_DOCUMENTO_NOMBRE_INDEX_D ON PUBLIC.DOCUMENTO(NOMBRE) VALUES ('AAAAAAAAAA', 47)"; SQL statement:
insert into documento (id, estado, nombre, sigla) values (null, ?, ?, ?) [23505-197]
]]></system-out>
  </testcase>
  <testcase name="deleteDisponibilidadHoraria" classname="co.edu.sena.ghostceet.web.rest.DisponibilidadHorariaResourceIntTest" time="0.006">
    <error message="org.hibernate.exception.ConstraintViolationException: could not execute statement" type="javax.persistence.PersistenceException">javax.persistence.PersistenceException: org.hibernate.exception.ConstraintViolationException: could not execute statement
	at co.edu.sena.ghostceet.web.rest.DisponibilidadHorariaResourceIntTest.createEntity(DisponibilidadHorariaResourceIntTest.java:99)
	at co.edu.sena.ghostceet.web.rest.DisponibilidadHorariaResourceIntTest.initTest(DisponibilidadHorariaResourceIntTest.java:108)
Caused by: org.hibernate.exception.ConstraintViolationException: could not execute statement
	at co.edu.sena.ghostceet.web.rest.DisponibilidadHorariaResourceIntTest.createEntity(DisponibilidadHorariaResourceIntTest.java:99)
	at co.edu.sena.ghostceet.web.rest.DisponibilidadHorariaResourceIntTest.initTest(DisponibilidadHorariaResourceIntTest.java:108)
Caused by: org.h2.jdbc.JdbcSQLException: 
Unique index or primary key violation: "UX_DOCUMENTO_NOMBRE_INDEX_D ON PUBLIC.DOCUMENTO(NOMBRE) VALUES ('AAAAAAAAAA', 49)"; SQL statement:
insert into documento (id, estado, nombre, sigla) values (null, ?, ?, ?) [23505-197]
	at co.edu.sena.ghostceet.web.rest.DisponibilidadHorariaResourceIntTest.createEntity(DisponibilidadHorariaResourceIntTest.java:99)
	at co.edu.sena.ghostceet.web.rest.DisponibilidadHorariaResourceIntTest.initTest(DisponibilidadHorariaResourceIntTest.java:108)
</error>
    <system-out><![CDATA[2019-06-19 11:59:38.086  WARN 24100 --- [           main] o.h.engine.jdbc.spi.SqlExceptionHelper   : SQL Error: 23505, SQLState: 23505
2019-06-19 11:59:38.087 ERROR 24100 --- [           main] o.h.engine.jdbc.spi.SqlExceptionHelper   : Unique index or primary key violation: "UX_DOCUMENTO_NOMBRE_INDEX_D ON PUBLIC.DOCUMENTO(NOMBRE) VALUES ('AAAAAAAAAA', 49)"; SQL statement:
insert into documento (id, estado, nombre, sigla) values (null, ?, ?, ?) [23505-197]
]]></system-out>
  </testcase>
  <testcase name="updateNonExistingDisponibilidadHoraria" classname="co.edu.sena.ghostceet.web.rest.DisponibilidadHorariaResourceIntTest" time="0.006">
    <error message="org.hibernate.exception.ConstraintViolationException: could not execute statement" type="javax.persistence.PersistenceException">javax.persistence.PersistenceException: org.hibernate.exception.ConstraintViolationException: could not execute statement
	at co.edu.sena.ghostceet.web.rest.DisponibilidadHorariaResourceIntTest.createEntity(DisponibilidadHorariaResourceIntTest.java:99)
	at co.edu.sena.ghostceet.web.rest.DisponibilidadHorariaResourceIntTest.initTest(DisponibilidadHorariaResourceIntTest.java:108)
Caused by: org.hibernate.exception.ConstraintViolationException: could not execute statement
	at co.edu.sena.ghostceet.web.rest.DisponibilidadHorariaResourceIntTest.createEntity(DisponibilidadHorariaResourceIntTest.java:99)
	at co.edu.sena.ghostceet.web.rest.DisponibilidadHorariaResourceIntTest.initTest(DisponibilidadHorariaResourceIntTest.java:108)
Caused by: org.h2.jdbc.JdbcSQLException: 
Unique index or primary key violation: "UX_DOCUMENTO_NOMBRE_INDEX_D ON PUBLIC.DOCUMENTO(NOMBRE) VALUES ('AAAAAAAAAA', 51)"; SQL statement:
insert into documento (id, estado, nombre, sigla) values (null, ?, ?, ?) [23505-197]
	at co.edu.sena.ghostceet.web.rest.DisponibilidadHorariaResourceIntTest.createEntity(DisponibilidadHorariaResourceIntTest.java:99)
	at co.edu.sena.ghostceet.web.rest.DisponibilidadHorariaResourceIntTest.initTest(DisponibilidadHorariaResourceIntTest.java:108)
</error>
    <system-out><![CDATA[2019-06-19 11:59:38.093  WARN 24100 --- [           main] o.h.engine.jdbc.spi.SqlExceptionHelper   : SQL Error: 23505, SQLState: 23505
2019-06-19 11:59:38.094 ERROR 24100 --- [           main] o.h.engine.jdbc.spi.SqlExceptionHelper   : Unique index or primary key violation: "UX_DOCUMENTO_NOMBRE_INDEX_D ON PUBLIC.DOCUMENTO(NOMBRE) VALUES ('AAAAAAAAAA', 51)"; SQL statement:
insert into documento (id, estado, nombre, sigla) values (null, ?, ?, ?) [23505-197]
]]></system-out>
  </testcase>
  <testcase name="createDisponibilidadHoraria" classname="co.edu.sena.ghostceet.web.rest.DisponibilidadHorariaResourceIntTest" time="0.006">
    <error message="org.hibernate.exception.ConstraintViolationException: could not execute statement" type="javax.persistence.PersistenceException">javax.persistence.PersistenceException: org.hibernate.exception.ConstraintViolationException: could not execute statement
	at co.edu.sena.ghostceet.web.rest.DisponibilidadHorariaResourceIntTest.createEntity(DisponibilidadHorariaResourceIntTest.java:99)
	at co.edu.sena.ghostceet.web.rest.DisponibilidadHorariaResourceIntTest.initTest(DisponibilidadHorariaResourceIntTest.java:108)
Caused by: org.hibernate.exception.ConstraintViolationException: could not execute statement
	at co.edu.sena.ghostceet.web.rest.DisponibilidadHorariaResourceIntTest.createEntity(DisponibilidadHorariaResourceIntTest.java:99)
	at co.edu.sena.ghostceet.web.rest.DisponibilidadHorariaResourceIntTest.initTest(DisponibilidadHorariaResourceIntTest.java:108)
Caused by: org.h2.jdbc.JdbcSQLException: 
Unique index or primary key violation: "UX_DOCUMENTO_NOMBRE_INDEX_D ON PUBLIC.DOCUMENTO(NOMBRE) VALUES ('AAAAAAAAAA', 53)"; SQL statement:
insert into documento (id, estado, nombre, sigla) values (null, ?, ?, ?) [23505-197]
	at co.edu.sena.ghostceet.web.rest.DisponibilidadHorariaResourceIntTest.createEntity(DisponibilidadHorariaResourceIntTest.java:99)
	at co.edu.sena.ghostceet.web.rest.DisponibilidadHorariaResourceIntTest.initTest(DisponibilidadHorariaResourceIntTest.java:108)
</error>
    <system-out><![CDATA[2019-06-19 11:59:38.100  WARN 24100 --- [           main] o.h.engine.jdbc.spi.SqlExceptionHelper   : SQL Error: 23505, SQLState: 23505
2019-06-19 11:59:38.100 ERROR 24100 --- [           main] o.h.engine.jdbc.spi.SqlExceptionHelper   : Unique index or primary key violation: "UX_DOCUMENTO_NOMBRE_INDEX_D ON PUBLIC.DOCUMENTO(NOMBRE) VALUES ('AAAAAAAAAA', 53)"; SQL statement:
insert into documento (id, estado, nombre, sigla) values (null, ?, ?, ?) [23505-197]
]]></system-out>
  </testcase>
  <testcase name="getAllDisponibilidadHorarias" classname="co.edu.sena.ghostceet.web.rest.DisponibilidadHorariaResourceIntTest" time="0.006">
    <error message="org.hibernate.exception.ConstraintViolationException: could not execute statement" type="javax.persistence.PersistenceException">javax.persistence.PersistenceException: org.hibernate.exception.ConstraintViolationException: could not execute statement
	at co.edu.sena.ghostceet.web.rest.DisponibilidadHorariaResourceIntTest.createEntity(DisponibilidadHorariaResourceIntTest.java:99)
	at co.edu.sena.ghostceet.web.rest.DisponibilidadHorariaResourceIntTest.initTest(DisponibilidadHorariaResourceIntTest.java:108)
Caused by: org.hibernate.exception.ConstraintViolationException: could not execute statement
	at co.edu.sena.ghostceet.web.rest.DisponibilidadHorariaResourceIntTest.createEntity(DisponibilidadHorariaResourceIntTest.java:99)
	at co.edu.sena.ghostceet.web.rest.DisponibilidadHorariaResourceIntTest.initTest(DisponibilidadHorariaResourceIntTest.java:108)
Caused by: org.h2.jdbc.JdbcSQLException: 
Unique index or primary key violation: "UX_DOCUMENTO_NOMBRE_INDEX_D ON PUBLIC.DOCUMENTO(NOMBRE) VALUES ('AAAAAAAAAA', 55)"; SQL statement:
insert into documento (id, estado, nombre, sigla) values (null, ?, ?, ?) [23505-197]
	at co.edu.sena.ghostceet.web.rest.DisponibilidadHorariaResourceIntTest.createEntity(DisponibilidadHorariaResourceIntTest.java:99)
	at co.edu.sena.ghostceet.web.rest.DisponibilidadHorariaResourceIntTest.initTest(DisponibilidadHorariaResourceIntTest.java:108)
</error>
    <system-out><![CDATA[2019-06-19 11:59:38.107  WARN 24100 --- [           main] o.h.engine.jdbc.spi.SqlExceptionHelper   : SQL Error: 23505, SQLState: 23505
2019-06-19 11:59:38.108 ERROR 24100 --- [           main] o.h.engine.jdbc.spi.SqlExceptionHelper   : Unique index or primary key violation: "UX_DOCUMENTO_NOMBRE_INDEX_D ON PUBLIC.DOCUMENTO(NOMBRE) VALUES ('AAAAAAAAAA', 55)"; SQL statement:
insert into documento (id, estado, nombre, sigla) values (null, ?, ?, ?) [23505-197]
]]></system-out>
  </testcase>
  <testcase name="createDisponibilidadHorariaWithExistingId" classname="co.edu.sena.ghostceet.web.rest.DisponibilidadHorariaResourceIntTest" time="0.008">
    <error message="org.hibernate.exception.ConstraintViolationException: could not execute statement" type="javax.persistence.PersistenceException">javax.persistence.PersistenceException: org.hibernate.exception.ConstraintViolationException: could not execute statement
	at co.edu.sena.ghostceet.web.rest.DisponibilidadHorariaResourceIntTest.createEntity(DisponibilidadHorariaResourceIntTest.java:99)
	at co.edu.sena.ghostceet.web.rest.DisponibilidadHorariaResourceIntTest.initTest(DisponibilidadHorariaResourceIntTest.java:108)
Caused by: org.hibernate.exception.ConstraintViolationException: could not execute statement
	at co.edu.sena.ghostceet.web.rest.DisponibilidadHorariaResourceIntTest.createEntity(DisponibilidadHorariaResourceIntTest.java:99)
	at co.edu.sena.ghostceet.web.rest.DisponibilidadHorariaResourceIntTest.initTest(DisponibilidadHorariaResourceIntTest.java:108)
Caused by: org.h2.jdbc.JdbcSQLException: 
Unique index or primary key violation: "UX_DOCUMENTO_NOMBRE_INDEX_D ON PUBLIC.DOCUMENTO(NOMBRE) VALUES ('AAAAAAAAAA', 57)"; SQL statement:
insert into documento (id, estado, nombre, sigla) values (null, ?, ?, ?) [23505-197]
	at co.edu.sena.ghostceet.web.rest.DisponibilidadHorariaResourceIntTest.createEntity(DisponibilidadHorariaResourceIntTest.java:99)
	at co.edu.sena.ghostceet.web.rest.DisponibilidadHorariaResourceIntTest.initTest(DisponibilidadHorariaResourceIntTest.java:108)
</error>
    <system-out><![CDATA[2019-06-19 11:59:38.116  WARN 24100 --- [           main] o.h.engine.jdbc.spi.SqlExceptionHelper   : SQL Error: 23505, SQLState: 23505
2019-06-19 11:59:38.116 ERROR 24100 --- [           main] o.h.engine.jdbc.spi.SqlExceptionHelper   : Unique index or primary key violation: "UX_DOCUMENTO_NOMBRE_INDEX_D ON PUBLIC.DOCUMENTO(NOMBRE) VALUES ('AAAAAAAAAA', 57)"; SQL statement:
insert into documento (id, estado, nombre, sigla) values (null, ?, ?, ?) [23505-197]
]]></system-out>
  </testcase>
</testsuite>